Flow report for wr_ctrl
Tue Jan 07 09:21:27 2025
Quartus II 64-Bit Version 13.0.1 Build 232 06/12/2013 Service Pack 1 SJ Full Version


---------------------
; Table of Contents ;
---------------------
  1. Legal Notice
  2. Flow Summary
  3. Flow Settings
  4. Flow Non-Default Global Settings
  5. Flow Elapsed Time
  6. Flow OS Summary
  7. Flow Log
  8. Flow Messages
  9. Flow Suppressed Messages



----------------
; Legal Notice ;
----------------
Copyright (C) 1991-2013 Altera Corporation
Your use of Altera Corporation's design tools, logic functions 
and other software and tools, and its AMPP partner logic 
functions, and any output files from any of the foregoing 
(including device programming or simulation files), and any 
associated documentation or information are expressly subject 
to the terms and conditions of the Altera Program License 
Subscription Agreement, Altera MegaCore Function License 
Agreement, or other applicable license agreement, including, 
without limitation, that your use is for the sole purpose of 
programming logic devices manufactured by Altera and sold by 
Altera or its authorized distributors.  Please refer to the 
applicable agreement for further details.



+---------------------------------------------------------------------------------------+
; Flow Summary                                                                          ;
+------------------------------------+--------------------------------------------------+
; Flow Status                        ; Successful - Tue Jan 07 09:21:27 2025            ;
; Quartus II 64-Bit Version          ; 13.0.1 Build 232 06/12/2013 SP 1 SJ Full Version ;
; Revision Name                      ; wr_ctrl                                          ;
; Top-level Entity Name              ; wr_ctrl                                          ;
; Family                             ; Cyclone IV E                                     ;
; Device                             ; EP4CE30F23C8                                     ;
; Timing Models                      ; Final                                            ;
; Total logic elements               ; 876 / 28,848 ( 3 % )                             ;
;     Total combinational functions  ; 802 / 28,848 ( 3 % )                             ;
;     Dedicated logic registers      ; 493 / 28,848 ( 2 % )                             ;
; Total registers                    ; 493                                              ;
; Total pins                         ; 29 / 329 ( 9 % )                                 ;
; Total virtual pins                 ; 0                                                ;
; Total memory bits                  ; 256 / 608,256 ( < 1 % )                          ;
; Embedded Multiplier 9-bit elements ; 0 / 132 ( 0 % )                                  ;
; Total PLLs                         ; 0 / 4 ( 0 % )                                    ;
+------------------------------------+--------------------------------------------------+


+-----------------------------------------+
; Flow Settings                           ;
+-------------------+---------------------+
; Option            ; Setting             ;
+-------------------+---------------------+
; Start date & time ; 01/07/2025 09:20:37 ;
; Main task         ; Compilation         ;
; Revision Name     ; wr_ctrl             ;
+-------------------+---------------------+


+-----------------------------------------------------------------------------------------------------------------------------+
; Flow Non-Default Global Settings                                                                                            ;
+--------------------------------------+---------------------------------------+---------------+-------------+----------------+
; Assignment Name                      ; Value                                 ; Default Value ; Entity Name ; Section Id     ;
+--------------------------------------+---------------------------------------+---------------+-------------+----------------+
; COMPILER_SIGNATURE_ID                ; 136935922729910.173621283709936       ; --            ; --          ; --             ;
; EDA_DESIGN_INSTANCE_NAME             ; NA                                    ; --            ; --          ; wr_ctrl_tb     ;
; EDA_NATIVELINK_SIMULATION_TEST_BENCH ; wr_ctrl_tb                            ; --            ; --          ; eda_simulation ;
; EDA_OUTPUT_DATA_FORMAT               ; Verilog Hdl                           ; --            ; --          ; eda_simulation ;
; EDA_SIMULATION_TOOL                  ; ModelSim (Verilog)                    ; <None>        ; --          ; --             ;
; EDA_TEST_BENCH_ENABLE_STATUS         ; TEST_BENCH_MODE                       ; --            ; --          ; eda_simulation ;
; EDA_TEST_BENCH_FILE                  ; wr_ctrl.vt                            ; --            ; --          ; wr_ctrl_tb     ;
; EDA_TEST_BENCH_MODULE_NAME           ; wr_ctrl_tb                            ; --            ; --          ; wr_ctrl_tb     ;
; EDA_TEST_BENCH_NAME                  ; wr_ctrl_tb                            ; --            ; --          ; eda_simulation ;
; EDA_TEST_BENCH_RUN_SIM_FOR           ; 1 ns                                  ; --            ; --          ; wr_ctrl_tb     ;
; EDA_TIME_SCALE                       ; 1 ns                                  ; --            ; --          ; eda_simulation ;
; IP_TOOL_NAME                         ; FIFO                                  ; --            ; --          ; --             ;
; IP_TOOL_VERSION                      ; 13.0                                  ; --            ; --          ; --             ;
; MAX_CORE_JUNCTION_TEMP               ; 85                                    ; --            ; --          ; --             ;
; MIN_CORE_JUNCTION_TEMP               ; 0                                     ; --            ; --          ; --             ;
; NOMINAL_CORE_SUPPLY_VOLTAGE          ; 1.2V                                  ; --            ; --          ; --             ;
; PARTITION_COLOR                      ; 16764057                              ; --            ; --          ; Top            ;
; PARTITION_FITTER_PRESERVATION_LEVEL  ; PLACEMENT_AND_ROUTING                 ; --            ; --          ; Top            ;
; PARTITION_NETLIST_TYPE               ; SOURCE                                ; --            ; --          ; Top            ;
; POWER_BOARD_THERMAL_MODEL            ; None (CONSERVATIVE)                   ; --            ; --          ; --             ;
; POWER_PRESET_COOLING_SOLUTION        ; 23 MM HEAT SINK WITH 200 LFPM AIRFLOW ; --            ; --          ; --             ;
; PROJECT_OUTPUT_DIRECTORY             ; output_files                          ; --            ; --          ; --             ;
+--------------------------------------+---------------------------------------+---------------+-------------+----------------+


+-------------------------------------------------------------------------------------------------------------------------------+
; Flow Elapsed Time                                                                                                             ;
+---------------------------+--------------+-------------------------+---------------------+------------------------------------+
; Module Name               ; Elapsed Time ; Average Processors Used ; Peak Virtual Memory ; Total CPU Time (on all processors) ;
+---------------------------+--------------+-------------------------+---------------------+------------------------------------+
; Analysis & Synthesis      ; 00:00:08     ; 1.0                     ; 4653 MB             ; 00:00:06                           ;
; Fitter                    ; 00:00:20     ; 1.4                     ; 5628 MB             ; 00:00:25                           ;
; Assembler                 ; 00:00:03     ; 1.0                     ; 4552 MB             ; 00:00:03                           ;
; TimeQuest Timing Analyzer ; 00:00:04     ; 1.0                     ; 4680 MB             ; 00:00:04                           ;
; EDA Netlist Writer        ; 00:00:03     ; 1.0                     ; 4540 MB             ; 00:00:02                           ;
; Total                     ; 00:00:38     ; --                      ; --                  ; 00:00:40                           ;
+---------------------------+--------------+-------------------------+---------------------+------------------------------------+


+----------------------------------------------------------------------------------------+
; Flow OS Summary                                                                        ;
+---------------------------+------------------+-----------+------------+----------------+
; Module Name               ; Machine Hostname ; OS Name   ; OS Version ; Processor type ;
+---------------------------+------------------+-----------+------------+----------------+
; Analysis & Synthesis      ; LAPTOP-L0ASFRRO  ; Windows 7 ; 6.2        ; x86_64         ;
; Fitter                    ; LAPTOP-L0ASFRRO  ; Windows 7 ; 6.2        ; x86_64         ;
; Assembler                 ; LAPTOP-L0ASFRRO  ; Windows 7 ; 6.2        ; x86_64         ;
; TimeQuest Timing Analyzer ; LAPTOP-L0ASFRRO  ; Windows 7 ; 6.2        ; x86_64         ;
; EDA Netlist Writer        ; LAPTOP-L0ASFRRO  ; Windows 7 ; 6.2        ; x86_64         ;
+---------------------------+------------------+-----------+------------+----------------+


------------
; Flow Log ;
------------
quartus_map --read_settings_files=on --write_settings_files=off wr_ctrl -c wr_ctrl
quartus_fit --read_settings_files=off --write_settings_files=off wr_ctrl -c wr_ctrl
quartus_asm --read_settings_files=off --write_settings_files=off wr_ctrl -c wr_ctrl
quartus_sta wr_ctrl -c wr_ctrl
quartus_eda --read_settings_files=off --write_settings_files=off wr_ctrl -c wr_ctrl



